0 info it worked if it ends with ok
1 verbose cli [ '/home/julius/.nvm/versions/node/v5.11.1/bin/node',
1 verbose cli   '/home/julius/.nvm/versions/node/v5.11.1/bin/npm',
1 verbose cli   'run',
1 verbose cli   'e2e' ]
2 info using npm@3.8.6
3 info using node@v5.11.1
4 verbose run-script [ 'pree2e', 'e2e', 'poste2e' ]
5 info lifecycle oracle@0.0.1~pree2e: oracle@0.0.1
6 silly lifecycle oracle@0.0.1~pree2e: no script for pree2e, continuing
7 info lifecycle oracle@0.0.1~e2e: oracle@0.0.1
8 verbose lifecycle oracle@0.0.1~e2e: unsafe-perm in lifecycle true
9 verbose lifecycle oracle@0.0.1~e2e: PATH: /home/julius/.nvm/versions/node/v5.11.1/lib/node_modules/npm/bin/node-gyp-bin:/server/oracle/node_modules/.bin:/home/julius/.nvm/versions/node/v5.11.1/bin:/home/julius/.nvm/versions/node/v5.11.1/bin:/usr/local/sbin:/usr/local/bin:/usr/sbin:/usr/bin:/sbin:/bin:/usr/games:/usr/local/games:/usr/local/bin:/usr/local/go/bin
10 verbose lifecycle oracle@0.0.1~e2e: CWD: /server/oracle
11 silly lifecycle oracle@0.0.1~e2e: Args: [ '-c', 'node tests/e2e/desktop.js' ]
12 silly lifecycle oracle@0.0.1~e2e: Returned: code: 1  signal: null
13 info lifecycle oracle@0.0.1~e2e: Failed to exec e2e script
14 verbose stack Error: oracle@0.0.1 e2e: `node tests/e2e/desktop.js`
14 verbose stack Exit status 1
14 verbose stack     at EventEmitter.<anonymous> (/home/julius/.nvm/versions/node/v5.11.1/lib/node_modules/npm/lib/utils/lifecycle.js:239:16)
14 verbose stack     at emitTwo (events.js:100:13)
14 verbose stack     at EventEmitter.emit (events.js:185:7)
14 verbose stack     at ChildProcess.<anonymous> (/home/julius/.nvm/versions/node/v5.11.1/lib/node_modules/npm/lib/utils/spawn.js:24:14)
14 verbose stack     at emitTwo (events.js:100:13)
14 verbose stack     at ChildProcess.emit (events.js:185:7)
14 verbose stack     at maybeClose (internal/child_process.js:850:16)
14 verbose stack     at Process.ChildProcess._handle.onexit (internal/child_process.js:215:5)
15 verbose pkgid oracle@0.0.1
16 verbose cwd /server/oracle
17 error Linux 3.13.0-48-generic
18 error argv "/home/julius/.nvm/versions/node/v5.11.1/bin/node" "/home/julius/.nvm/versions/node/v5.11.1/bin/npm" "run" "e2e"
19 error node v5.11.1
20 error npm  v3.8.6
21 error code ELIFECYCLE
22 error oracle@0.0.1 e2e: `node tests/e2e/desktop.js`
22 error Exit status 1
23 error Failed at the oracle@0.0.1 e2e script 'node tests/e2e/desktop.js'.
23 error Make sure you have the latest version of node.js and npm installed.
23 error If you do, this is most likely a problem with the oracle package,
23 error not with npm itself.
23 error Tell the author that this fails on your system:
23 error     node tests/e2e/desktop.js
23 error You can get information on how to open an issue for this project with:
23 error     npm bugs oracle
23 error Or if that isn't available, you can get their info via:
23 error     npm owner ls oracle
23 error There is likely additional logging output above.
24 verbose exit [ 1, true ]
